
Starting session #6 '[Elina2] - OnlineServices' at 18.10.2016 06:51:45
-------------------------------------------------------------------------------
| Starting build of /media/yoctoadm/YoctoDisc/P4/P4Ubuntu
|    Products Dir : /media/yoctoadm/YoctoDisc/P4/P4Ubuntu_products/armv7-meucy17-adt4.9.1-nop-trc-dbg-rtti
| Products Config : /media/yoctoadm/YoctoDisc/P4/P4Ubuntu_products/armv7-meucy17-adt4.9.1-nop-trc-dbg-rtti/armv7-meucy17-adt4.9.1-nop-trc-dbg-rtti.jam
-------------------------------------------------------------------------------

[2016-10-18 06:51:45] Overwriting log files.
[2016-10-18 06:51:45] Retrieving environment variables
[2016-10-18 06:51:45] Deleting directory '/media/yoctoadm/YoctoDisc/P4/P4Ubuntu_products/armv7-meucy17-adt4.9.1-nop-trc-dbg-rtti/tmp'.
[2016-10-18 06:51:45] Deactivating 'quit on error'.
[2016-10-18 06:51:45] Deactivating 'force rebuild'.
[2016-10-18 06:51:45] Setting number of parallel build threads to 2.
[2016-10-18 06:51:45] Deactivating 'verbose logging'.
[2016-10-18 06:51:45] Activating 'deprecated features'.
[2016-10-18 06:51:45] Deactivating 'experimental features'.
[2016-10-18 06:51:45] Checking variant name 'armv7-meucy17-adt4.9.1-nop-trc-dbg-rtti'.
[2016-10-18 06:51:45] Creating directory '/media/yoctoadm/YoctoDisc/P4/P4Ubuntu_products/armv7-meucy17-adt4.9.1-nop-trc-dbg-rtti'.
[2016-10-18 06:51:45] Creating directory '/media/yoctoadm/YoctoDisc/P4/P4Ubuntu_products/armv7-meucy17-adt4.9.1-nop-trc-dbg-rtti/tmp'.
[2016-10-18 06:51:45] Setting detailed log to '/media/yoctoadm/YoctoDisc/P4/P4Ubuntu_products/armv7-meucy17-adt4.9.1-nop-trc-dbg-rtti/DetailedLog.hbbl'.
[2016-10-18 06:51:45] Creating host config '/media/yoctoadm/YoctoDisc/P4/P4Ubuntu_products/armv7-meucy17-adt4.9.1-nop-trc-dbg-rtti/host_config.jam'
[2016-10-18 06:51:45] Creating products config '/media/yoctoadm/YoctoDisc/P4/P4Ubuntu_products/armv7-meucy17-adt4.9.1-nop-trc-dbg-rtti/armv7-meucy17-adt4.9.1-nop-trc-dbg-rtti.jam'
[2016-10-18 06:51:45] Creating mirror under '' as described in Mirror-Mapping '/media/yoctoadm/YoctoDisc/P4/P4Ubuntu/config/mirror.hblf'
Installed SDK is up-to-date.
Installed SDK2 is up-to-date.
Mirror version 1.0.5
Invoked as '/media/yoctoadm/YoctoDisc/P4/P4Ubuntu/config/../toolkit/sys/integr/tools/mirror/linux/mirror -m /media/yoctoadm/YoctoDisc/P4/P4Ubuntu/config/mirror.hblf -s /media/yoctoadm/YoctoDisc/P4/P4Ubuntu -d /media/yoctoadm/YoctoDisc/P4/P4Ubuntu'
Read mapping file '/media/yoctoadm/YoctoDisc/P4/P4Ubuntu/config/mirror.hblf'
Validate input...
Warning: Source directory '/media/yoctoadm/YoctoDisc/P4/P4Ubuntu/packages/sys-fwcomponent-bin-main-elina_meucy17_T101_A0' for mapping '//<source>/packages/sys-fwcomponent-bin-main-elina_meucy17_T101_A0/... //<mirror>/deliveries/...' does not exist.
Start operation...
Match succeeded, time: 6.16"

Statistics:
0 file(s) linked
0 file(s) removed
0 dir(s) created
0 dir(s) removed
stubs-soft.h already exists
WARNING: //<client>/deliveries/sdk1/sysroots/cortexa9hf-vfp-neon-elina-linux-gnueabi/usr/include/gnu/stubs-soft.h exists, because mirror tool creating it (workaround for proper work of LINT tool!)
/media/yoctoadm/YoctoDisc/P4/P4Ubuntu/buildprocess/tools/lint/gcc-config-gen - already generated
[2016-10-18 06:52:11] Building jam target(s) 'generate'.
 
-------------- Building for ARMv7 Platform using YOCTO_ADT -------------------- 
| HBJAM_VERSION : 17.18.0 
------------------------------------------------------------------------- 
| PRODUCTS_CONFIG : /media/yoctoadm/YoctoDisc/P4/P4Ubuntu_products/armv7-meucy17-adt4.9.1-nop-trc-dbg-rtti/armv7-meucy17-adt4.9.1-nop-trc-dbg-rtti.jam 
| HOST_CONFIG : /media/yoctoadm/YoctoDisc/P4/P4Ubuntu_products/armv7-meucy17-adt4.9.1-nop-trc-dbg-rtti/host_config.jam 
| IDE_HOME : /media/yoctoadm/YoctoDisc/P4/P4Ubuntu/deliveries/sdk2/sysroots 
| PERL_DIR : /usr/bin 
| JAVA_DIR : /usr 
| i_HB_ENABLED_BUILD_FEATURES : compile 
| GCC_VERSION : ADT_4_9_1 
| HB_TOOLS_DIR : /media/yoctoadm/YoctoDisc/P4/P4Ubuntu/buildprocess/tools 
| IDE : YOCTO_ADT 
| HARDWARE : ARMv7 
| TARGET_OS : LINUX 
| TRACING : TraceSvr 
| HB_OPTIMIZE : NO_OPT 
| HB_DEBUG : DEBUGFLAG 
| HB_RTTI : TRUE 
| HB_EXCEPTIONS : FALSE 
| HB_USE_PROFILING : NONE 
| HB_USE_COVERAGE : NONE 
| PRODUCTS_DIR : /media/yoctoadm/YoctoDisc/P4/P4Ubuntu_products/armv7-meucy17-adt4.9.1-nop-trc-dbg-rtti 
| i_HB_ENABLED_BUILD_FEATURES : compile 
| HB_TEST_DEFAULT_TIMEOUT : 0 
------------------------------------------------------------------------- 
YOCTO_SYSROOT /media/yoctoadm/YoctoDisc/P4/P4Ubuntu/deliveries/sdk2/sysroots/cortexa9hf-vfp-neon-elina-linux-gnueabi 
DELIVERIES /media/yoctoadm/YoctoDisc/P4/P4Ubuntu/deliveries 
COC_SYSTEM_COLIBRY /media/yoctoadm/YoctoDisc/P4/P4Ubuntu/deliveries 
Running CommonApi_Dsi315.jam 
...patience...
...patience...
...patience...
...patience...
...patience...
...patience...
...patience...
...patience...
...patience...
...patience...
...patience...
...patience...
...patience...
...patience...
...patience...
...patience...
...patience...
...patience...
...patience...
...patience...
...patience...
...patience...
...patience...
...patience...
...patience...
...patience...
...patience...
...patience...
...patience...
...patience...
...patience...
...patience...
...patience...
...patience...
...patience...
...patience...
...patience...
...patience...
...patience...
...patience...
...patience...
...patience...
...found 42551 target(s)...
...updating 1 target(s)...
HBRunWorkflow /media/yoctoadm/YoctoDisc/P4/P4Ubuntu_products/armv7-meucy17-adt4.9.1-nop-trc-dbg-rtti/gen/imp/OnlineServices/applconfig/OnlineServices/private/OnlineServices.jam 
/media/yoctoadm/YoctoDisc/P4/P4Ubuntu/imp/OnlineServices/applconfig/OnlineServices.hbac:-1: error: Workflow interrupted. Reason: Errors during validation.
/media/yoctoadm/YoctoDisc/P4/P4Ubuntu/imp/OnlineServices/applconfig/OnlineServices.hbac:-1: error: Component 'RemoteRoutes': Local service interface versions differ from required version: api/SWUpdate/MediaConnector (1.2 <> 2.0)
/media/yoctoadm/YoctoDisc/P4/P4Ubuntu/imp/OnlineServices/applconfig/OnlineServices.hbac:-1: error: Version of imported service interfaces don't match api/SWUpdate/MediaConnector (1.2 <> 2.0)

   PATH=/usr/bin
   export CLASSPATH=/media/yoctoadm/YoctoDisc/P4/P4Ubuntu/deliveries/imp/sys/modeling/tools/ext/plugins/com.harmanbecker.mocca.cogito.launcher_1.2.1.development.jar:.
   export HB_JAR_PATH=/media/yoctoadm/YoctoDisc/P4/P4Ubuntu/deliveries/imp/sys/modeling/tools/ext/plugins:/media/yoctoadm/YoctoDisc/P4/P4Ubuntu/deliveries/imp/sys/mocca/tools/eclipseextensions/core/eclipse/plugins:/media/yoctoadm/YoctoDisc/P4/P4Ubuntu/deliveries/imp/sys/dsi/tools/ext/plugins
   export HB_JAR_FILES=*
   export HB_WORKFLOW_VERBOSE=false
   export HB_WORKFLOW_MODEL_FILE=/media/yoctoadm/YoctoDisc/P4/P4Ubuntu/imp/OnlineServices/applconfig/OnlineServices.hbac
   export HB_WORKFLOW_LOG4J_CONFIG=/media/yoctoadm/YoctoDisc/P4/P4Ubuntu/deliveries/imp/sys/modeling/tools/build/config/log4j.properties
   java -Xmx512M -DCogitoLauncher.main.class=com.harmanbecker.mocca.oaw.OawWorkflowRunner com.harmanbecker.cogito.CogitoLauncher com/harmanbecker/mocca/babe/generator/generate.mwe -a --param modelFile="/media/yoctoadm/YoctoDisc/P4/P4Ubuntu/imp/OnlineServices/applconfig/OnlineServices.hbac" --param outputDirectory="/media/yoctoadm/YoctoDisc/P4/P4Ubuntu_products/armv7-meucy17-adt4.9.1-nop-trc-dbg-rtti/gen/imp/OnlineServices/applconfig" --param deploymentName=Default --param osfamily=LINUX --param jamFile=OnlineServices.jam --param output=/media/yoctoadm/YoctoDisc/P4/P4Ubuntu_products/armv7-meucy17-adt4.9.1-nop-trc-dbg-rtti/gen/imp/OnlineServices/applconfig/OnlineServices/private --param traceMode=TraceSvr --param mapFileDir=/media/yoctoadm/YoctoDisc/P4/P4Ubuntu_products/armv7-meucy17-adt4.9.1-nop-trc-dbg-rtti/exe/imp --param modelName=OnlineServices --param dsiTcpMode=true --param buildLibrary=false --param extendPriority=false --param genRoot=/media/yoctoadm/YoctoDisc/P4/P4Ubuntu_products/armv7-meucy17-adt4.9.1-nop-trc-dbg-rtti/gen --param deliveriesRoot=/media/yoctoadm/YoctoDisc/P4/P4Ubuntu/deliveries/. --param projectRoot=/media/yoctoadm/YoctoDisc/P4/P4Ubuntu

hbjam:-1: error: ...failed HBRunWorkflow /media/yoctoadm/YoctoDisc/P4/P4Ubuntu_products/armv7-meucy17-adt4.9.1-nop-trc-dbg-rtti/gen/imp/OnlineServices/applconfig/OnlineServices/private/OnlineServices.jam ...
...failed updating 1 target(s)...
BuildCentral:-1: error: Command '/media/yoctoadm/YoctoDisc/P4/P4Ubuntu/buildprocess/tools/jam/linux/hbjam -j2 -sHB_TOOLS_DIR="/media/yoctoadm/YoctoDisc/P4/P4Ubuntu/buildprocess/tools" -sPRODUCTS_CONFIG="/media/yoctoadm/YoctoDisc/P4/P4Ubuntu_products/armv7-meucy17-adt4.9.1-nop-trc-dbg-rtti/armv7-meucy17-adt4.9.1-nop-trc-dbg-rtti.jam" -sPRODUCTS_DIR="/media/yoctoadm/YoctoDisc/P4/P4Ubuntu_products/armv7-meucy17-adt4.9.1-nop-trc-dbg-rtti" -sHOST_CONFIG="/media/yoctoadm/YoctoDisc/P4/P4Ubuntu_products/armv7-meucy17-adt4.9.1-nop-trc-dbg-rtti/host_config.jam" -si_HB_ENABLED_BUILD_FEATURES="compile" generate' returned error code 1
[2016-10-18 06:52:28] Building jam target(s) 'all'.
 
-------------- Building for ARMv7 Platform using YOCTO_ADT -------------------- 
| HBJAM_VERSION : 17.18.0 
------------------------------------------------------------------------- 
| PRODUCTS_CONFIG : /media/yoctoadm/YoctoDisc/P4/P4Ubuntu_products/armv7-meucy17-adt4.9.1-nop-trc-dbg-rtti/armv7-meucy17-adt4.9.1-nop-trc-dbg-rtti.jam 
| HOST_CONFIG : /media/yoctoadm/YoctoDisc/P4/P4Ubuntu_products/armv7-meucy17-adt4.9.1-nop-trc-dbg-rtti/host_config.jam 
| IDE_HOME : /media/yoctoadm/YoctoDisc/P4/P4Ubuntu/deliveries/sdk2/sysroots 
| PERL_DIR : /usr/bin 
| JAVA_DIR : /usr 
| i_HB_ENABLED_BUILD_FEATURES : compile 
| GCC_VERSION : ADT_4_9_1 
| HB_TOOLS_DIR : /media/yoctoadm/YoctoDisc/P4/P4Ubuntu/buildprocess/tools 
| IDE : YOCTO_ADT 
| HARDWARE : ARMv7 
| TARGET_OS : LINUX 
| TRACING : TraceSvr 
| HB_OPTIMIZE : NO_OPT 
| HB_DEBUG : DEBUGFLAG 
| HB_RTTI : TRUE 
| HB_EXCEPTIONS : FALSE 
| HB_USE_PROFILING : NONE 
| HB_USE_COVERAGE : NONE 
| PRODUCTS_DIR : /media/yoctoadm/YoctoDisc/P4/P4Ubuntu_products/armv7-meucy17-adt4.9.1-nop-trc-dbg-rtti 
| i_HB_ENABLED_BUILD_FEATURES : compile 
| HB_TEST_DEFAULT_TIMEOUT : 0 
------------------------------------------------------------------------- 
YOCTO_SYSROOT /media/yoctoadm/YoctoDisc/P4/P4Ubuntu/deliveries/sdk2/sysroots/cortexa9hf-vfp-neon-elina-linux-gnueabi 
DELIVERIES /media/yoctoadm/YoctoDisc/P4/P4Ubuntu/deliveries 
COC_SYSTEM_COLIBRY /media/yoctoadm/YoctoDisc/P4/P4Ubuntu/deliveries 
Running CommonApi_Dsi315.jam 
...patience...
...patience...
...patience...
...patience...
...patience...
...patience...
...patience...
...patience...
...patience...
...patience...
...patience...
...patience...
...patience...
...patience...
...patience...
...patience...
...patience...
...patience...
...patience...
...patience...
...patience...
...patience...
...patience...
...patience...
...patience...
...patience...
...patience...
...patience...
...patience...
...patience...
...patience...
...patience...
...patience...
...patience...
...patience...
...patience...
...patience...
...patience...
...patience...
...patience...
...patience...
...patience...
...patience...
...patience...
...patience...
...patience...
...patience...
...patience...
...patience...
...patience...
...patience...
...patience...
...patience...
...patience...
...patience...
...patience...
...patience...
...patience...
...patience...
...patience...
...patience...
...patience...
...patience...
...patience...
...patience...
...patience...
...patience...
...patience...
...patience...
...patience...
...patience...
...patience...
...patience...
...patience...
...patience...
...patience...
...patience...
...patience...
...patience...
...patience...
...patience...
...patience...
...patience...
...patience...
...patience...
...patience...
...patience...
...patience...
...patience...
...found 89971 target(s)...
...updating 3 target(s)...
C++ /media/yoctoadm/YoctoDisc/P4/P4Ubuntu_products/armv7-meucy17-adt4.9.1-nop-trc-dbg-rtti/bin/imp/OnlineServices/RemoteRoutes/src/private/S2CViaUSBService.o 
/media/yoctoadm/YoctoDisc/P4/P4Ubuntu/imp/OnlineServices/RemoteRoutes/src/private/S2CViaUSBService.cpp: In member function 'virtual void S2CViaUSBService::componentConnected(CHBProxyBase&)':
/media/yoctoadm/YoctoDisc/P4/P4Ubuntu/imp/OnlineServices/RemoteRoutes/src/private/S2CViaUSBService.cpp:31:36: error: 'notifyOnInformationMediaPlugged' was not declared in this scope
    notifyOnInformationMediaPlugged();
                                    ^
/media/yoctoadm/YoctoDisc/P4/P4Ubuntu/imp/OnlineServices/RemoteRoutes/src/private/S2CViaUSBService.cpp:32:38: error: 'notifyOnInformationMediaUnplugged' was not declared in this scope
    notifyOnInformationMediaUnplugged();
                                      ^

   PATH=/media/yoctoadm/YoctoDisc/P4/P4Ubuntu/deliveries/sdk2/sysroots/x86_64-elinasdk-linux/usr/bin:/media/yoctoadm/YoctoDisc/P4/P4Ubuntu/deliveries/sdk2/sysroots/x86_64-elinasdk-linux/usr/bin/arm-elina-linux-gnueabi      
   arm-elina-linux-gnueabi-g++ -c -o /media/yoctoadm/YoctoDisc/P4/P4Ubuntu_products/armv7-meucy17-adt4.9.1-nop-trc-dbg-rtti/bin/imp/OnlineServices/RemoteRoutes/src/private/S2CViaUSBService.o -O0 -g --sysroot="/media/yoctoadm/YoctoDisc/P4/P4Ubuntu/deliveries/sdk2/sysroots/cortexa9hf-vfp-neon-elina-linux-gnueabi" -mfpu=vfp -mfloat-abi=hard -x c++ -Wall -Wno-error=non-template-friend -Wno-error=maybe-uninitialized -Wno-error=return-type -Wno-error=unused-but-set-variable -Wno-error=unused-function -Wno-error=unused-local-typedefs -frtti -pthread -fno-strict-aliasing -fno-exceptions -fno-default-inline -fcheck-new -fmessage-length=0 -std=c++11 -D__GNUC__=4 -D__GNUC_MINOR__=9 -D__GNUC_PATCHLEVEL__=1 -Dlinux -D__linux -D__linux__ -D__unix__ -D__unix -D__OSSDK_VERSION__=meucy17 -D__ARM_PCS_VFP -D__ELF__ -D__LITTLEENDIAN__ -D__ARMEL__ -D__arm__ -DTRACE_MODE_TRACESERVER -DHB_ENABLE_ASSERTIONS=1 -DHB_ENABLE_SEM_SIGNAL_AFTER_UNLOCK=1 -DHB_ENABLE_SH4_ASM_OPTIMIZATION=1 -DHB_ENABLE_CLOCK_MONOTONIC_FROM_SYSPAGE=1 -DHB_USE_THBSTLVECTOR_AS_THBVECTOR=1 -DTRACE_MODE_TRACESERVER -DHB_ENABLE_ASSERTIONS=1 -DHB_ENABLE_SEM_SIGNAL_AFTER_UNLOCK=1 -DHB_ENABLE_SH4_ASM_OPTIMIZATION=1 -DHB_ENABLE_CLOCK_MONOTONIC_FROM_SYSPAGE=1 -DHB_USE_THBSTLVECTOR_AS_THBVECTOR=1 -DTRACE_MODE_TRACESERVER -DHB_ENABLE_ASSERTIONS=1 -DHB_MOCCAV2=NoVersion -DHB_ENABLE_DEBUG=1 -DUSE_INSTRUMENTED_MOCCA=1 -DHB_MOCCAV2=NoVersion -DHB_ENABLE_DEBUG=1 -DUSE_INSTRUMENTED_MOCCA=1 -DTEST_IS_ON -DHB_BASE_FILE=S2CViaUSBService.cpp -I/media/yoctoadm/YoctoDisc/P4/P4Ubuntu -I/media/yoctoadm/YoctoDisc/P4/P4Ubuntu_products/armv7-meucy17-adt4.9.1-nop-trc-dbg-rtti/gen -I/media/yoctoadm/YoctoDisc/P4/P4Ubuntu_products/armv7-meucy17-adt4.9.1-nop-trc-dbg-rtti/gen/deliveries -I/media/yoctoadm/YoctoDisc/P4/P4Ubuntu/deliveries/sdk2/sysroots/cortexa9hf-vfp-neon-elina-linux-gnueabi -I/media/yoctoadm/YoctoDisc/P4/P4Ubuntu/deliveries -I/media/yoctoadm/YoctoDisc/P4/P4Ubuntu/deliveries/api/sys/data/pf/systemsettings/page/src/generic -I/media/yoctoadm/YoctoDisc/P4/P4Ubuntu/deliveries/imp/sys/data/pf/systemsettings/page/src/generic -I/media/yoctoadm/YoctoDisc/P4/P4Ubuntu/deliveries/imp/sys/data/pf/systemsettings/util/src/generic -I/media/yoctoadm/YoctoDisc/P4/P4Ubuntu/deliveries/imp/sys/data/pf/systemsettings/loader/src/generic -I/media/yoctoadm/YoctoDisc/P4/P4Ubuntu/imp/OnlineServices/RemoteRoutes -I/media/yoctoadm/YoctoDisc/P4/P4Ubuntu_products/armv7-meucy17-adt4.9.1-nop-trc-dbg-rtti/gen/imp/OnlineServices/RemoteRoutes -I/media/yoctoadm/YoctoDisc/P4/P4Ubuntu/deliveries/sdk2/sysroots/cortexa9hf-vfp-neon-elina-linux-gnueabi/usr/include /media/yoctoadm/YoctoDisc/P4/P4Ubuntu/imp/OnlineServices/RemoteRoutes/src/private/S2CViaUSBService.cpp

hbjam:-1: error: ...failed C++ /media/yoctoadm/YoctoDisc/P4/P4Ubuntu_products/armv7-meucy17-adt4.9.1-nop-trc-dbg-rtti/bin/imp/OnlineServices/RemoteRoutes/src/private/S2CViaUSBService.o ...
...skipped libonlineservices_remoteroutes_lib.a_Objects.txt for lack of <imp!OnlineServices!RemoteRoutes!src!private>S2CViaUSBService.o...
...skipped libonlineservices_remoteroutes_lib.a for lack of libonlineservices_remoteroutes_lib.a_Objects.txt...
...failed updating 1 target(s)...
...skipped 2 target(s)...
BuildCentral:-1: error: Command '/media/yoctoadm/YoctoDisc/P4/P4Ubuntu/buildprocess/tools/jam/linux/hbjam -j2 -sHB_TOOLS_DIR="/media/yoctoadm/YoctoDisc/P4/P4Ubuntu/buildprocess/tools" -sPRODUCTS_CONFIG="/media/yoctoadm/YoctoDisc/P4/P4Ubuntu_products/armv7-meucy17-adt4.9.1-nop-trc-dbg-rtti/armv7-meucy17-adt4.9.1-nop-trc-dbg-rtti.jam" -sPRODUCTS_DIR="/media/yoctoadm/YoctoDisc/P4/P4Ubuntu_products/armv7-meucy17-adt4.9.1-nop-trc-dbg-rtti" -sHOST_CONFIG="/media/yoctoadm/YoctoDisc/P4/P4Ubuntu_products/armv7-meucy17-adt4.9.1-nop-trc-dbg-rtti/host_config.jam" -si_HB_ENABLED_BUILD_FEATURES="compile" all' returned error code 1
[2016-10-18 06:52:35] Generating lint report for .
Summary of Lint Issues: 
  Total count of   ERROR =     0 
  Total count of WARNING =     0 
  Total count of    INFO =     0 
  Total count of    NOTE =     0 



[2016-10-18 06:52:36] Generating PC-Lint report as HTML called from PlugIn-LintHTML v0.2.5.
Summary of Lint Issues: 
  Total count of HB_PRIO_1 =     0 
  Total count of HB_PRIO_2 =     0 
  Total count of HB_PRIO_3 =     0 
  Total count of HB_PRIO_4 =     0 
  Total count of HB_PRIO_5 =     0 
  Total count of HB_PRIO_6 =     0 



      Summary of Lint Issues - sorted by directory (short)

HB_PRIO_1  HB_PRIO_2  HB_PRIO_3  HB_PRIO_4  HB_PRIO_5  HB_PRIO_6  Path
        0          0          0          0          0          0  
        0          0          0          0          0          0  Applications>Engine
        0          0          0          0          0          0  Applications>HTML
        0          0          0          0          0          0  Diagnosis
        0          0          0          0          0          0  HMI
        0          0          0          0          0          0  Integration
        0          0          0          0          0          0  Navigation
        0          0          0          0          0          0  Nuance
        0          0          0          0          0          0  OnlineServices
        0          0          0          0          0          0  PRODUCTS_DIR
        0          0          0          0          0          0  PROJECT_DIR
        0          0          0          0          0          0  SWSystem>AvcLan
        0          0          0          0          0          0  SWSystem>Connectivity
        0          0          0          0          0          0  SWSystem>IODevices
        0          0          0          0          0          0  SWSystem>SystemCore
        0          0          0          0          0          0  SWUpdate
        0          0          0          0          0          0  Speech
        0          0          0          0          0          0  Uboot
        0          0          0          0          0          0  Watchdog




-------------------------------------------------------------------------------
| Completed build of /media/yoctoadm/YoctoDisc/P4/P4Ubuntu
|     Products Dir : /media/yoctoadm/YoctoDisc/P4/P4Ubuntu_products/armv7-meucy17-adt4.9.1-nop-trc-dbg-rtti
|  Products Config : /media/yoctoadm/YoctoDisc/P4/P4Ubuntu_products/armv7-meucy17-adt4.9.1-nop-trc-dbg-rtti/armv7-meucy17-adt4.9.1-nop-trc-dbg-rtti.jam
-------------------------------------------------------------------------------
|      Error count   : 4
|      Warning count : 0
-------------------------------------------------------------------------------
Completed session #6 '[Elina2] - OnlineServices' at 18.10.2016 06:52:36 (elapsed time 0:00:51)
